2026-03-10T10:23:18.560+05:30  INFO 16974 --- [main] com.example.blog.BlogApplication         : Starting BlogApplication using Java 21.0.10 with PID 16974 (/home/sunil/Documents/6th sem/OOAD/Mini project/BLOG/target/classes started by sunil in /home/sunil/Documents/6th sem/OOAD/Mini project/BLOG)
2026-03-10T10:23:18.566+05:30  INFO 16974 --- [main] com.example.blog.BlogApplication         : No active profile set, falling back to 1 default profile: "default"
2026-03-10T10:23:19.087+05:30  INFO 16974 --- [main] .s.d.r.c.RepositoryConfigurationDelegate : Bootstrapping Spring Data JPA repositories in DEFAULT mode.
2026-03-10T10:23:19.178+05:30  INFO 16974 --- [main] .s.d.r.c.RepositoryConfigurationDelegate : Finished Spring Data repository scanning in 81 ms. Found 5 JPA repository interfaces.
2026-03-10T10:23:19.683+05:30  INFO 16974 --- [main] o.s.boot.tomcat.TomcatWebServer          : Tomcat initialized with port 8080 (http)
2026-03-10T10:23:19.696+05:30  INFO 16974 --- [main] o.apache.catalina.core.StandardService   : Starting service [Tomcat]
2026-03-10T10:23:19.697+05:30  INFO 16974 --- [main] o.apache.catalina.core.StandardEngine    : Starting Servlet engine: [Apache Tomcat/11.0.18]
2026-03-10T10:23:19.751+05:30  INFO 16974 --- [main] b.w.c.s.WebApplicationContextInitializer : Root WebApplicationContext: initialization completed in 1143 ms
2026-03-10T10:23:19.915+05:30  INFO 16974 --- [main] org.hibernate.orm.jpa                    : HHH008540: Processing PersistenceUnitInfo [name: default]
2026-03-10T10:23:19.968+05:30  INFO 16974 --- [main] org.hibernate.orm.core                   : HHH000001: Hibernate ORM core version 7.2.4.Final
2026-03-10T10:23:20.348+05:30  INFO 16974 --- [main] o.s.o.j.p.SpringPersistenceUnitInfo      : No LoadTimeWeaver setup: ignoring JPA class transformer
2026-03-10T10:23:20.380+05:30  INFO 16974 --- [main] com.zaxxer.hikari.HikariDataSource       : HikariPool-1 - Starting...
2026-03-10T10:23:20.504+05:30  INFO 16974 --- [main] com.zaxxer.hikari.pool.HikariPool        : HikariPool-1 - Added connection org.sqlite.jdbc4.JDBC4Connection@376498da
2026-03-10T10:23:20.506+05:30  INFO 16974 --- [main] com.zaxxer.hikari.HikariDataSource       : HikariPool-1 - Start completed.
2026-03-10T10:23:20.554+05:30  INFO 16974 --- [main] org.hibernate.orm.connections.pooling    : HHH10001005: Database info:
	Database JDBC URL [jdbc:sqlite:blog.db]
	Database driver: SQLite JDBC
	Database dialect: SQLiteDialect
	Database version: 3.45.1
	Default catalog/schema: undefined/undefined
	Autocommit mode: undefined/unknown
	Isolation level: SERIALIZABLE [default SERIALIZABLE]
	JDBC fetch size: none
	Pool: DataSourceConnectionProvider
	Minimum pool size: undefined/unknown
	Maximum pool size: undefined/unknown
2026-03-10T10:23:20.674+05:30  WARN 16974 --- [main] org.hibernate.orm.deprecation            : HHH90000033: Encountered use of deprecated annotation [interface jakarta.persistence.Temporal] at com.example.blog.entity.Blog.createdAt.
2026-03-10T10:23:20.681+05:30  WARN 16974 --- [main] org.hibernate.orm.deprecation            : HHH90000033: Encountered use of deprecated annotation [interface jakarta.persistence.Temporal] at com.example.blog.entity.Comment.createdAt.
2026-03-10T10:23:21.419+05:30  INFO 16974 --- [main] org.hibernate.orm.core                   : HHH000489: No JTA platform available (set 'hibernate.transaction.jta.platform' to enable JTA platform integration)
2026-03-10T10:23:21.455+05:30  INFO 16974 --- [main] j.LocalContainerEntityManagerFactoryBean : Initialized JPA EntityManagerFactory for persistence unit 'default'
2026-03-10T10:23:21.522+05:30  INFO 16974 --- [main] o.s.d.j.r.query.QueryEnhancerFactories   : Hibernate is in classpath; If applicable, HQL parser will be used.
2026-03-10T10:23:21.768+05:30  WARN 16974 --- [main] JpaBaseConfiguration$JpaWebConfiguration : spring.jpa.open-in-view is enabled by default. Therefore, database queries may be performed during view rendering. Explicitly configure spring.jpa.open-in-view to disable this warning
2026-03-10T10:23:21.892+05:30 DEBUG 16974 --- [main] s.w.s.m.m.a.RequestMappingHandlerMapping : 34 mappings in 'requestMappingHandlerMapping'
2026-03-10T10:23:21.915+05:30 DEBUG 16974 --- [main] o.s.w.s.handler.SimpleUrlHandlerMapping  : Patterns [/webjars/**, /**, /uploads/**] in 'resourceHandlerMapping'
2026-03-10T10:23:21.934+05:30 DEBUG 16974 --- [main] s.w.s.m.m.a.RequestMappingHandlerAdapter : ControllerAdvice beans: 0 @ModelAttribute, 0 @InitBinder, 2 RequestBodyAdvice, 1 ResponseBodyAdvice
2026-03-10T10:23:21.995+05:30 DEBUG 16974 --- [main] .m.m.a.ExceptionHandlerExceptionResolver : ControllerAdvice beans: 0 @ExceptionHandler, 1 ResponseBodyAdvice
2026-03-10T10:23:22.067+05:30  INFO 16974 --- [main] o.s.boot.tomcat.TomcatWebServer          : Tomcat started on port 8080 (http) with context path '/'
2026-03-10T10:23:22.073+05:30  INFO 16974 --- [main] com.example.blog.BlogApplication         : Started BlogApplication in 3.895 seconds (process running for 4.182)
2026-03-10T10:23:57.854+05:30  INFO 16974 --- [http-nio-8080-exec-1] o.a.c.c.C.[Tomcat].[localhost].[/]       : Initializing Spring DispatcherServlet 'dispatcherServlet'
2026-03-10T10:23:57.855+05:30  INFO 16974 --- [http-nio-8080-exec-1] o.s.web.servlet.DispatcherServlet        : Initializing Servlet 'dispatcherServlet'
2026-03-10T10:23:57.855+05:30 DEBUG 16974 --- [http-nio-8080-exec-1] o.s.web.servlet.DispatcherServlet        : Detected StandardServletMultipartResolver
2026-03-10T10:23:57.856+05:30 DEBUG 16974 --- [http-nio-8080-exec-1] o.s.web.servlet.DispatcherServlet        : Detected AcceptHeaderLocaleResolver
2026-03-10T10:23:57.857+05:30 DEBUG 16974 --- [http-nio-8080-exec-1] o.s.web.servlet.DispatcherServlet        : Detected org.springframework.web.servlet.view.DefaultRequestToViewNameTranslator@69e308e2
2026-03-10T10:23:57.858+05:30 DEBUG 16974 --- [http-nio-8080-exec-1] o.s.web.servlet.DispatcherServlet        : Detected org.springframework.web.servlet.support.SessionFlashMapManager@524418a2
2026-03-10T10:23:57.859+05:30 DEBUG 16974 --- [http-nio-8080-exec-1] o.s.web.servlet.DispatcherServlet        : enableLoggingRequestDetails='false': request parameters and headers will be masked to prevent unsafe logging of potentially sensitive data
2026-03-10T10:23:57.859+05:30  INFO 16974 --- [http-nio-8080-exec-1] o.s.web.servlet.DispatcherServlet        : Completed initialization in 4 ms
2026-03-10T10:23:57.872+05:30 DEBUG 16974 --- [http-nio-8080-exec-1] o.s.web.servlet.DispatcherServlet        : GET "/", parameters={}
2026-03-10T10:23:57.884+05:30 DEBUG 16974 --- [http-nio-8080-exec-1] s.w.s.m.m.a.RequestMappingHandlerMapping : Mapped to com.example.blog.controller.WebBlogController#home(Model, HttpSession)
2026-03-10T10:23:58.165+05:30 DEBUG 16974 --- [http-nio-8080-exec-1] o.s.w.s.v.ContentNegotiatingViewResolver : Selected 'text/html' given [text/html, application/xhtml+xml, image/avif, image/webp, image/apng, application/xml;q=0.9, */*;q=0.8, application/signed-exchange;v=b3;q=0.7]
2026-03-10T10:23:58.503+05:30 DEBUG 16974 --- [http-nio-8080-exec-1] o.s.web.servlet.DispatcherServlet        : Completed 200 OK
2026-03-10T10:23:58.554+05:30 DEBUG 16974 --- [http-nio-8080-exec-2] o.s.web.servlet.DispatcherServlet        : GET "/css/style.css;jsessionid=DA065EEBE7EF38A4219E790613294E9A", parameters={}
2026-03-10T10:23:58.562+05:30 DEBUG 16974 --- [http-nio-8080-exec-2] o.s.w.s.handler.SimpleUrlHandlerMapping  : Mapped to ResourceHttpRequestHandler [classpath [META-INF/resources/], classpath [resources/], classpath [static/], classpath [public/], ServletContext [/]]
2026-03-10T10:23:58.576+05:30 DEBUG 16974 --- [http-nio-8080-exec-2] o.s.web.servlet.DispatcherServlet        : Completed 200 OK
2026-03-10T10:23:58.800+05:30 DEBUG 16974 --- [http-nio-8080-exec-3] o.s.web.servlet.DispatcherServlet        : GET "/favicon.ico", parameters={}
2026-03-10T10:23:58.803+05:30 DEBUG 16974 --- [http-nio-8080-exec-3] o.s.w.s.handler.SimpleUrlHandlerMapping  : Mapped to ResourceHttpRequestHandler [classpath [META-INF/resources/], classpath [resources/], classpath [static/], classpath [public/], ServletContext [/]]
2026-03-10T10:23:58.806+05:30 DEBUG 16974 --- [http-nio-8080-exec-3] o.s.w.s.r.ResourceHttpRequestHandler     : Resource not found
2026-03-10T10:23:58.811+05:30 DEBUG 16974 --- [http-nio-8080-exec-3] .w.s.m.s.DefaultHandlerExceptionResolver : Resolved [org.springframework.web.servlet.resource.NoResourceFoundException: No static resource favicon.ico for request '/favicon.ico'.]
2026-03-10T10:23:58.812+05:30 DEBUG 16974 --- [http-nio-8080-exec-3] o.s.web.servlet.DispatcherServlet        : Completed 404 NOT_FOUND
2026-03-10T10:23:58.827+05:30 DEBUG 16974 --- [http-nio-8080-exec-3] o.s.web.servlet.DispatcherServlet        : "ERROR" dispatch for GET "/error", parameters={}
2026-03-10T10:23:58.831+05:30 DEBUG 16974 --- [http-nio-8080-exec-3] s.w.s.m.m.a.RequestMappingHandlerMapping : Mapped to org.springframework.boot.webmvc.autoconfigure.error.BasicErrorController#error(HttpServletRequest)
2026-03-10T10:23:58.843+05:30 DEBUG 16974 --- [http-nio-8080-exec-3] o.s.w.s.m.m.a.HttpEntityMethodProcessor  : Using 'application/json;q=0.8', given [image/avif, image/webp, image/apng, image/svg+xml, image/*, */*;q=0.8] and supported [application/json, application/*+json]
2026-03-10T10:23:58.845+05:30 DEBUG 16974 --- [http-nio-8080-exec-3] o.s.w.s.m.m.a.HttpEntityMethodProcessor  : Writing [{timestamp=Tue Mar 10 10:23:58 IST 2026, status=404, error=Not Found, path=/favicon.ico}]
2026-03-10T10:23:58.904+05:30 DEBUG 16974 --- [http-nio-8080-exec-3] o.s.web.servlet.DispatcherServlet        : Exiting from "ERROR" dispatch, status 404
2026-03-10T10:24:06.519+05:30 DEBUG 16974 --- [http-nio-8080-exec-4] o.s.web.servlet.DispatcherServlet        : GET "/login;jsessionid=DA065EEBE7EF38A4219E790613294E9A", parameters={}
2026-03-10T10:24:06.520+05:30 DEBUG 16974 --- [http-nio-8080-exec-4] s.w.s.m.m.a.RequestMappingHandlerMapping : Mapped to com.example.blog.controller.WebUserController#showLoginForm()
2026-03-10T10:24:06.528+05:30 DEBUG 16974 --- [http-nio-8080-exec-4] o.s.w.s.v.ContentNegotiatingViewResolver : Selected 'text/html' given [text/html, application/xhtml+xml, image/avif, image/webp, image/apng, application/xml;q=0.9, */*;q=0.8, application/signed-exchange;v=b3;q=0.7]
2026-03-10T10:24:06.547+05:30 DEBUG 16974 --- [http-nio-8080-exec-4] o.s.web.servlet.DispatcherServlet        : Completed 200 OK
2026-03-10T10:24:06.582+05:30 DEBUG 16974 --- [http-nio-8080-exec-5] o.s.web.servlet.DispatcherServlet        : GET "/css/style.css", parameters={}
2026-03-10T10:24:06.584+05:30 DEBUG 16974 --- [http-nio-8080-exec-5] o.s.w.s.handler.SimpleUrlHandlerMapping  : Mapped to ResourceHttpRequestHandler [classpath [META-INF/resources/], classpath [resources/], classpath [static/], classpath [public/], ServletContext [/]]
2026-03-10T10:24:06.588+05:30 DEBUG 16974 --- [http-nio-8080-exec-5] o.s.web.servlet.DispatcherServlet        : Completed 304 NOT_MODIFIED
2026-03-10T10:24:16.664+05:30 DEBUG 16974 --- [http-nio-8080-exec-6] o.s.web.servlet.DispatcherServlet        : POST "/login", parameters={masked}
2026-03-10T10:24:16.665+05:30 DEBUG 16974 --- [http-nio-8080-exec-6] s.w.s.m.m.a.RequestMappingHandlerMapping : Mapped to com.example.blog.controller.WebUserController#processLogin(String, String, HttpSession, Model, RedirectAttributes)
2026-03-10T10:24:16.957+05:30 DEBUG 16974 --- [http-nio-8080-exec-6] o.s.web.servlet.view.RedirectView        : View name [redirect:], model {}
2026-03-10T10:24:16.966+05:30 DEBUG 16974 --- [http-nio-8080-exec-6] o.s.web.servlet.DispatcherServlet        : Completed 302 FOUND
2026-03-10T10:24:16.974+05:30 DEBUG 16974 --- [http-nio-8080-exec-7] o.s.web.servlet.DispatcherServlet        : GET "/dashboard", parameters={}
2026-03-10T10:24:16.978+05:30 DEBUG 16974 --- [http-nio-8080-exec-7] s.w.s.m.m.a.RequestMappingHandlerMapping : Mapped to com.example.blog.controller.WebBlogController#dashboard(Model, HttpSession)
2026-03-10T10:24:17.005+05:30 DEBUG 16974 --- [http-nio-8080-exec-7] o.s.w.s.v.ContentNegotiatingViewResolver : Selected 'text/html' given [text/html, application/xhtml+xml, image/avif, image/webp, image/apng, application/xml;q=0.9, */*;q=0.8, application/signed-exchange;v=b3;q=0.7]
2026-03-10T10:24:17.060+05:30 DEBUG 16974 --- [http-nio-8080-exec-7] o.s.web.servlet.DispatcherServlet        : Completed 200 OK
2026-03-10T10:24:23.630+05:30 DEBUG 16974 --- [http-nio-8080-exec-8] o.s.web.servlet.DispatcherServlet        : GET "/blog/3", parameters={}
2026-03-10T10:24:23.632+05:30 DEBUG 16974 --- [http-nio-8080-exec-8] s.w.s.m.m.a.RequestMappingHandlerMapping : Mapped to com.example.blog.controller.WebBlogController#viewBlog(Integer, Model, HttpSession)
2026-03-10T10:24:23.646+05:30 DEBUG 16974 --- [http-nio-8080-exec-8] o.s.w.s.v.ContentNegotiatingViewResolver : Selected 'text/html' given [text/html, application/xhtml+xml, image/avif, image/webp, image/apng, application/xml;q=0.9, */*;q=0.8, application/signed-exchange;v=b3;q=0.7]
2026-03-10T10:24:23.677+05:30 DEBUG 16974 --- [http-nio-8080-exec-8] o.s.web.servlet.DispatcherServlet        : Completed 200 OK
2026-03-10T10:24:25.218+05:30 DEBUG 16974 --- [http-nio-8080-exec-9] o.s.web.servlet.DispatcherServlet        : POST "/blog/3/like", parameters={masked}
2026-03-10T10:24:25.219+05:30 DEBUG 16974 --- [http-nio-8080-exec-9] s.w.s.m.m.a.RequestMappingHandlerMapping : Mapped to com.example.blog.controller.WebBlogController#toggleLike(Integer, HttpSession, RedirectAttributes, String)
2026-03-10T10:24:25.322+05:30 DEBUG 16974 --- [http-nio-8080-exec-9] o.s.web.servlet.view.RedirectView        : View name [redirect:], model {}
2026-03-10T10:24:25.324+05:30 DEBUG 16974 --- [http-nio-8080-exec-9] o.s.web.servlet.DispatcherServlet        : Completed 302 FOUND
2026-03-10T10:24:25.330+05:30 DEBUG 16974 --- [http-nio-8080-exec-10] o.s.web.servlet.DispatcherServlet        : GET "/blog/3", parameters={}
2026-03-10T10:24:25.331+05:30 DEBUG 16974 --- [http-nio-8080-exec-10] s.w.s.m.m.a.RequestMappingHandlerMapping : Mapped to com.example.blog.controller.WebBlogController#viewBlog(Integer, Model, HttpSession)
2026-03-10T10:24:25.337+05:30 DEBUG 16974 --- [http-nio-8080-exec-10] o.s.w.s.v.ContentNegotiatingViewResolver : Selected 'text/html' given [text/html, application/xhtml+xml, image/avif, image/webp, image/apng, application/xml;q=0.9, */*;q=0.8, application/signed-exchange;v=b3;q=0.7]
2026-03-10T10:24:25.351+05:30 DEBUG 16974 --- [http-nio-8080-exec-10] o.s.web.servlet.DispatcherServlet        : Completed 200 OK
2026-03-10T10:24:26.984+05:30 DEBUG 16974 --- [http-nio-8080-exec-1] o.s.web.servlet.DispatcherServlet        : POST "/blog/3/like", parameters={masked}
2026-03-10T10:24:26.985+05:30 DEBUG 16974 --- [http-nio-8080-exec-1] s.w.s.m.m.a.RequestMappingHandlerMapping : Mapped to com.example.blog.controller.WebBlogController#toggleLike(Integer, HttpSession, RedirectAttributes, String)
2026-03-10T10:24:27.020+05:30 DEBUG 16974 --- [http-nio-8080-exec-1] o.s.web.servlet.view.RedirectView        : View name [redirect:], model {}
2026-03-10T10:24:27.021+05:30 DEBUG 16974 --- [http-nio-8080-exec-1] o.s.web.servlet.DispatcherServlet        : Completed 302 FOUND
2026-03-10T10:24:27.026+05:30 DEBUG 16974 --- [http-nio-8080-exec-2] o.s.web.servlet.DispatcherServlet        : GET "/blog/3", parameters={}
2026-03-10T10:24:27.027+05:30 DEBUG 16974 --- [http-nio-8080-exec-2] s.w.s.m.m.a.RequestMappingHandlerMapping : Mapped to com.example.blog.controller.WebBlogController#viewBlog(Integer, Model, HttpSession)
2026-03-10T10:24:27.033+05:30 DEBUG 16974 --- [http-nio-8080-exec-2] o.s.w.s.v.ContentNegotiatingViewResolver : Selected 'text/html' given [text/html, application/xhtml+xml, image/avif, image/webp, image/apng, application/xml;q=0.9, */*;q=0.8, application/signed-exchange;v=b3;q=0.7]
2026-03-10T10:24:27.046+05:30 DEBUG 16974 --- [http-nio-8080-exec-2] o.s.web.servlet.DispatcherServlet        : Completed 200 OK
2026-03-10T10:24:31.143+05:30 DEBUG 16974 --- [http-nio-8080-exec-3] o.s.web.servlet.DispatcherServlet        : POST "/blog/3/delete", parameters={masked}
2026-03-10T10:24:31.145+05:30 DEBUG 16974 --- [http-nio-8080-exec-3] s.w.s.m.m.a.RequestMappingHandlerMapping : Mapped to com.example.blog.controller.WebBlogController#deleteBlog(Integer, HttpSession, RedirectAttributes)
2026-03-10T10:24:31.183+05:30 DEBUG 16974 --- [http-nio-8080-exec-3] o.s.web.servlet.view.RedirectView        : View name [redirect:], model {}
2026-03-10T10:24:31.183+05:30 DEBUG 16974 --- [http-nio-8080-exec-3] o.s.web.servlet.DispatcherServlet        : Completed 302 FOUND
2026-03-10T10:24:31.187+05:30 DEBUG 16974 --- [http-nio-8080-exec-4] o.s.web.servlet.DispatcherServlet        : GET "/dashboard", parameters={}
2026-03-10T10:24:31.188+05:30 DEBUG 16974 --- [http-nio-8080-exec-4] s.w.s.m.m.a.RequestMappingHandlerMapping : Mapped to com.example.blog.controller.WebBlogController#dashboard(Model, HttpSession)
2026-03-10T10:24:31.192+05:30 DEBUG 16974 --- [http-nio-8080-exec-4] o.s.w.s.v.ContentNegotiatingViewResolver : Selected 'text/html' given [text/html, application/xhtml+xml, image/avif, image/webp, image/apng, application/xml;q=0.9, */*;q=0.8, application/signed-exchange;v=b3;q=0.7]
2026-03-10T10:24:31.205+05:30 DEBUG 16974 --- [http-nio-8080-exec-4] o.s.web.servlet.DispatcherServlet        : Completed 200 OK
2026-03-10T10:24:33.249+05:30 DEBUG 16974 --- [http-nio-8080-exec-5] o.s.web.servlet.DispatcherServlet        : GET "/", parameters={}
2026-03-10T10:24:33.250+05:30 DEBUG 16974 --- [http-nio-8080-exec-5] s.w.s.m.m.a.RequestMappingHandlerMapping : Mapped to com.example.blog.controller.WebBlogController#home(Model, HttpSession)
2026-03-10T10:24:33.259+05:30 DEBUG 16974 --- [http-nio-8080-exec-5] o.s.w.s.v.ContentNegotiatingViewResolver : Selected 'text/html' given [text/html, application/xhtml+xml, image/avif, image/webp, image/apng, application/xml;q=0.9, */*;q=0.8, application/signed-exchange;v=b3;q=0.7]
2026-03-10T10:24:33.278+05:30 DEBUG 16974 --- [http-nio-8080-exec-5] o.s.web.servlet.DispatcherServlet        : Completed 200 OK
2026-03-10T10:24:37.497+05:30 DEBUG 16974 --- [http-nio-8080-exec-6] o.s.web.servlet.DispatcherServlet        : GET "/blog/4", parameters={}
2026-03-10T10:24:37.498+05:30 DEBUG 16974 --- [http-nio-8080-exec-6] s.w.s.m.m.a.RequestMappingHandlerMapping : Mapped to com.example.blog.controller.WebBlogController#viewBlog(Integer, Model, HttpSession)
2026-03-10T10:24:37.503+05:30 DEBUG 16974 --- [http-nio-8080-exec-6] o.s.w.s.v.ContentNegotiatingViewResolver : Selected 'text/html' given [text/html, application/xhtml+xml, image/avif, image/webp, image/apng, application/xml;q=0.9, */*;q=0.8, application/signed-exchange;v=b3;q=0.7]
2026-03-10T10:24:37.513+05:30 DEBUG 16974 --- [http-nio-8080-exec-6] o.s.web.servlet.DispatcherServlet        : Completed 200 OK
2026-03-10T10:24:38.507+05:30 DEBUG 16974 --- [http-nio-8080-exec-7] o.s.web.servlet.DispatcherServlet        : POST "/blog/4/like", parameters={masked}
2026-03-10T10:24:38.508+05:30 DEBUG 16974 --- [http-nio-8080-exec-7] s.w.s.m.m.a.RequestMappingHandlerMapping : Mapped to com.example.blog.controller.WebBlogController#toggleLike(Integer, HttpSession, RedirectAttributes, String)
2026-03-10T10:24:38.534+05:30 DEBUG 16974 --- [http-nio-8080-exec-7] o.s.web.servlet.view.RedirectView        : View name [redirect:], model {}
2026-03-10T10:24:38.534+05:30 DEBUG 16974 --- [http-nio-8080-exec-7] o.s.web.servlet.DispatcherServlet        : Completed 302 FOUND
2026-03-10T10:24:38.539+05:30 DEBUG 16974 --- [http-nio-8080-exec-8] o.s.web.servlet.DispatcherServlet        : GET "/blog/4", parameters={}
2026-03-10T10:24:38.540+05:30 DEBUG 16974 --- [http-nio-8080-exec-8] s.w.s.m.m.a.RequestMappingHandlerMapping : Mapped to com.example.blog.controller.WebBlogController#viewBlog(Integer, Model, HttpSession)
2026-03-10T10:24:38.545+05:30 DEBUG 16974 --- [http-nio-8080-exec-8] o.s.w.s.v.ContentNegotiatingViewResolver : Selected 'text/html' given [text/html, application/xhtml+xml, image/avif, image/webp, image/apng, application/xml;q=0.9, */*;q=0.8, application/signed-exchange;v=b3;q=0.7]
2026-03-10T10:24:38.557+05:30 DEBUG 16974 --- [http-nio-8080-exec-8] o.s.web.servlet.DispatcherServlet        : Completed 200 OK
2026-03-10T10:24:45.798+05:30 DEBUG 16974 --- [http-nio-8080-exec-9] o.s.web.servlet.DispatcherServlet        : POST "/blog/4/comment", parameters={masked}
2026-03-10T10:24:45.799+05:30 DEBUG 16974 --- [http-nio-8080-exec-9] s.w.s.m.m.a.RequestMappingHandlerMapping : Mapped to com.example.blog.controller.WebBlogController#addComment(Integer, String, HttpSession)
2026-03-10T10:24:45.824+05:30 DEBUG 16974 --- [http-nio-8080-exec-9] o.s.web.servlet.view.RedirectView        : View name [redirect:], model {}
2026-03-10T10:24:45.824+05:30 DEBUG 16974 --- [http-nio-8080-exec-9] o.s.web.servlet.DispatcherServlet        : Completed 302 FOUND
2026-03-10T10:24:45.831+05:30 DEBUG 16974 --- [http-nio-8080-exec-10] o.s.web.servlet.DispatcherServlet        : GET "/blog/4", parameters={}
2026-03-10T10:24:45.832+05:30 DEBUG 16974 --- [http-nio-8080-exec-10] s.w.s.m.m.a.RequestMappingHandlerMapping : Mapped to com.example.blog.controller.WebBlogController#viewBlog(Integer, Model, HttpSession)
2026-03-10T10:24:45.837+05:30 DEBUG 16974 --- [http-nio-8080-exec-10] o.s.w.s.v.ContentNegotiatingViewResolver : Selected 'text/html' given [text/html, application/xhtml+xml, image/avif, image/webp, image/apng, application/xml;q=0.9, */*;q=0.8, application/signed-exchange;v=b3;q=0.7]
2026-03-10T10:24:45.851+05:30 DEBUG 16974 --- [http-nio-8080-exec-10] o.s.web.servlet.DispatcherServlet        : Completed 200 OK
